2016-07-04 20:49:49 [-][-][-][error][yii\console\Exception] yii\base\InvalidRouteException: Unable to resolve the request "migratecreate". in /var/www/html/gurps/vendor/yiisoft/yii2/base/Module.php:460
Stack trace:
#0 /var/www/html/gurps/vendor/yiisoft/yii2/console/Application.php(176): yii\base\Module->runAction('migratecreate', Array)
#1 /var/www/html/gurps/vendor/yiisoft/yii2/console/Application.php(143): yii\console\Application->runAction('migratecreate', Array)
#2 /var/www/html/gurps/vendor/yiisoft/yii2/base/Application.php(375): yii\console\Application->handleRequest(Object(yii\console\Request))
#3 /var/www/html/gurps/yii(27): yii\base\Application->run()
#4 {main}

Next yii\console\Exception: Unknown command "migratecreate". in /var/www/html/gurps/vendor/yiisoft/yii2/console/Application.php:179
Stack trace:
#0 /var/www/html/gurps/vendor/yiisoft/yii2/console/Application.php(143): yii\console\Application->runAction('migratecreate', Array)
#1 /var/www/html/gurps/vendor/yiisoft/yii2/base/Application.php(375): yii\console\Application->handleRequest(Object(yii\console\Request))
#2 /var/www/html/gurps/yii(27): yii\base\Application->run()
#3 {main}
2016-07-04 20:49:49 [-][-][-][info][application] $_SERVER = [
    'XDG_VTNR' => '7'
    'LC_PAPER' => 'uk_UA.UTF-8'
    'LC_ADDRESS' => 'uk_UA.UTF-8'
    'XDG_SESSION_ID' => 'c2'
    'XDG_GREETER_DATA_DIR' => '/var/lib/lightdm-data/blackghoul'
    'SELINUX_INIT' => 'YES'
    'LC_MONETARY' => 'uk_UA.UTF-8'
    'CLUTTER_IM_MODULE' => 'xim'
    'SESSION' => 'ubuntu'
    'GIO_LAUNCHED_DESKTOP_FILE_PID' => '2360'
    'GPG_AGENT_INFO' => '/run/user/1000/keyring-GfeXoF/gpg:0:1'
    'TERM' => 'xterm'
    'XDG_MENU_PREFIX' => 'gnome-'
    'SHELL' => '/bin/bash'
    'LC_NUMERIC' => 'uk_UA.UTF-8'
    'OLDPWD' => '/var/www/Zend/Project'
    'UPSTART_SESSION' => 'unix:abstract=/com/ubuntu/upstart-session/1000/2028'
    'GNOME_KEYRING_CONTROL' => '/run/user/1000/keyring-GfeXoF'
    'GTK_MODULES' => 'overlay-scrollbar:unity-gtk-module:unity-gtk-module'
    'USER' => 'blackghoul'
    'LS_COLORS' => 'rs=0:di=01;34:ln=01;36:mh=00:pi=40;33:so=01;35:do=01;35:bd=40;33;01:cd=40;33;01:or=40;31;01:su=37;41:sg=30;43:ca=30;41:tw=30;42:ow=34;42:st=37;44:ex=01;32:*.tar=01;31:*.tgz=01;31:*.arj=01;31:*.taz=01;31:*.lzh=01;31:*.lzma=01;31:*.tlz=01;31:*.txz=01;31:*.zip=01;31:*.z=01;31:*.Z=01;31:*.dz=01;31:*.gz=01;31:*.lz=01;31:*.xz=01;31:*.bz2=01;31:*.bz=01;31:*.tbz=01;31:*.tbz2=01;31:*.tz=01;31:*.deb=01;31:*.rpm=01;31:*.jar=01;31:*.war=01;31:*.ear=01;31:*.sar=01;31:*.rar=01;31:*.ace=01;31:*.zoo=01;31:*.cpio=01;31:*.7z=01;31:*.rz=01;31:*.jpg=01;35:*.jpeg=01;35:*.gif=01;35:*.bmp=01;35:*.pbm=01;35:*.pgm=01;35:*.ppm=01;35:*.tga=01;35:*.xbm=01;35:*.xpm=01;35:*.tif=01;35:*.tiff=01;35:*.png=01;35:*.svg=01;35:*.svgz=01;35:*.mng=01;35:*.pcx=01;35:*.mov=01;35:*.mpg=01;35:*.mpeg=01;35:*.m2v=01;35:*.mkv=01;35:*.webm=01;35:*.ogm=01;35:*.mp4=01;35:*.m4v=01;35:*.mp4v=01;35:*.vob=01;35:*.qt=01;35:*.nuv=01;35:*.wmv=01;35:*.asf=01;35:*.rm=01;35:*.rmvb=01;35:*.flc=01;35:*.avi=01;35:*.fli=01;35:*.flv=01;35:*.gl=01;35:*.dl=01;35:*.xcf=01;35:*.xwd=01;35:*.yuv=01;35:*.cgm=01;35:*.emf=01;35:*.axv=01;35:*.anx=01;35:*.ogv=01;35:*.ogx=01;35:*.aac=00;36:*.au=00;36:*.flac=00;36:*.mid=00;36:*.midi=00;36:*.mka=00;36:*.mp3=00;36:*.mpc=00;36:*.ogg=00;36:*.ra=00;36:*.wav=00;36:*.axa=00;36:*.oga=00;36:*.spx=00;36:*.xspf=00;36:'
    'LC_TELEPHONE' => 'uk_UA.UTF-8'
    'DESKTOP_AUTOSTART_ID' => '10b367d594d1cf5650146763781945309700000022030001'
    'XDG_SESSION_PATH' => '/org/freedesktop/DisplayManager/Session0'
    'XDG_SEAT_PATH' => '/org/freedesktop/DisplayManager/Seat0'
    'SSH_AUTH_SOCK' => '/run/user/1000/keyring-GfeXoF/ssh'
    'DEFAULTS_PATH' => '/usr/share/gconf/ubuntu.default.path'
    'SESSION_MANAGER' => 'local/woodenpc:@/tmp/.ICE-unix/2203,unix/woodenpc:/tmp/.ICE-unix/2203'
    'GIO_LAUNCHED_DESKTOP_FILE' => '/home/blackghoul/.config/autostart/guake.desktop'
    'XDG_CONFIG_DIRS' => '/etc/xdg/xdg-ubuntu:/usr/share/upstart/xdg:/etc/xdg'
    'DESKTOP_SESSION' => 'ubuntu'
    'PATH' => '/usr/local/sbin:/usr/local/bin:/usr/sbin:/usr/bin:/sbin:/bin:/usr/games:/usr/local/games'
    'QT_IM_MODULE' => 'ibus'
    'QT_QPA_PLATFORMTHEME' => 'appmenu-qt5'
    'LC_IDENTIFICATION' => 'uk_UA.UTF-8'
    'PWD' => '/var/www/html/gurps'
    'JOB' => 'dbus'
    'XMODIFIERS' => '@im=ibus'
    'GNOME_KEYRING_PID' => '2025'
    'LANG' => 'en_US.UTF-8'
    'GDM_LANG' => 'en_US'
    'MANDATORY_PATH' => '/usr/share/gconf/ubuntu.mandatory.path'
    'LC_MEASUREMENT' => 'uk_UA.UTF-8'
    'COMPIZ_CONFIG_PROFILE' => 'ubuntu'
    'IM_CONFIG_PHASE' => '1'
    'GDMSESSION' => 'ubuntu'
    'SESSIONTYPE' => 'gnome-session'
    'SHLVL' => '1'
    'HOME' => '/home/blackghoul'
    'XDG_SEAT' => 'seat0'
    'LANGUAGE' => 'en_US'
    'GNOME_DESKTOP_SESSION_ID' => 'this-is-deprecated'
    'LOGNAME' => 'blackghoul'
    'DBUS_SESSION_BUS_ADDRESS' => 'unix:abstract=/tmp/dbus-AdSSSDT7VJ'
    'XDG_DATA_DIRS' => '/usr/share/ubuntu:/usr/share/gnome:/usr/local/share/:/usr/share/'
    'QT4_IM_MODULE' => 'xim'
    'LESSOPEN' => '| /usr/bin/lesspipe %s'
    'INSTANCE' => ''
    'TEXTDOMAIN' => 'im-config'
    'XDG_RUNTIME_DIR' => '/run/user/1000'
    'DISPLAY' => ':0'
    'XDG_CURRENT_DESKTOP' => 'Unity'
    'GTK_IM_MODULE' => 'ibus'
    'LESSCLOSE' => '/usr/bin/lesspipe %s %s'
    'LC_TIME' => 'uk_UA.UTF-8'
    'TEXTDOMAINDIR' => '/usr/share/locale/'
    'LC_NAME' => 'uk_UA.UTF-8'
    'XAUTHORITY' => '/home/blackghoul/.Xauthority'
    '_' => '/usr/bin/php'
    'PHP_SELF' => 'yii'
    'SCRIPT_NAME' => 'yii'
    'SCRIPT_FILENAME' => 'yii'
    'PATH_TRANSLATED' => 'yii'
    'DOCUMENT_ROOT' => ''
    'REQUEST_TIME_FLOAT' => 1467665389.1178
    'REQUEST_TIME' => 1467665389
    'argv' => [
        0 => 'yii'
        1 => 'migratecreate'
    ]
    'argc' => 2
]
2016-07-04 20:49:53 [-][-][-][error][yii\console\Exception] yii\console\Exception: Missing required arguments: name in /var/www/html/gurps/vendor/yiisoft/yii2/console/Controller.php:157
Stack trace:
#0 /var/www/html/gurps/vendor/yiisoft/yii2/base/InlineAction.php(49): yii\console\Controller->bindActionParams(Object(yii\base\InlineAction), Array)
#1 /var/www/html/gurps/vendor/yiisoft/yii2/base/Controller.php(154): yii\base\InlineAction->runWithParams(Array)
#2 /var/www/html/gurps/vendor/yiisoft/yii2/console/Controller.php(119): yii\base\Controller->runAction('create', Array)
#3 /var/www/html/gurps/vendor/yiisoft/yii2/base/Module.php(454): yii\console\Controller->runAction('create', Array)
#4 /var/www/html/gurps/vendor/yiisoft/yii2/console/Application.php(176): yii\base\Module->runAction('migrate/create', Array)
#5 /var/www/html/gurps/vendor/yiisoft/yii2/console/Application.php(143): yii\console\Application->runAction('migrate/create', Array)
#6 /var/www/html/gurps/vendor/yiisoft/yii2/base/Application.php(375): yii\console\Application->handleRequest(Object(yii\console\Request))
#7 /var/www/html/gurps/yii(27): yii\base\Application->run()
#8 {main}
2016-07-04 20:49:53 [-][-][-][info][application] $_SERVER = [
    'XDG_VTNR' => '7'
    'LC_PAPER' => 'uk_UA.UTF-8'
    'LC_ADDRESS' => 'uk_UA.UTF-8'
    'XDG_SESSION_ID' => 'c2'
    'XDG_GREETER_DATA_DIR' => '/var/lib/lightdm-data/blackghoul'
    'SELINUX_INIT' => 'YES'
    'LC_MONETARY' => 'uk_UA.UTF-8'
    'CLUTTER_IM_MODULE' => 'xim'
    'SESSION' => 'ubuntu'
    'GIO_LAUNCHED_DESKTOP_FILE_PID' => '2360'
    'GPG_AGENT_INFO' => '/run/user/1000/keyring-GfeXoF/gpg:0:1'
    'TERM' => 'xterm'
    'XDG_MENU_PREFIX' => 'gnome-'
    'SHELL' => '/bin/bash'
    'LC_NUMERIC' => 'uk_UA.UTF-8'
    'OLDPWD' => '/var/www/Zend/Project'
    'UPSTART_SESSION' => 'unix:abstract=/com/ubuntu/upstart-session/1000/2028'
    'GNOME_KEYRING_CONTROL' => '/run/user/1000/keyring-GfeXoF'
    'GTK_MODULES' => 'overlay-scrollbar:unity-gtk-module:unity-gtk-module'
    'USER' => 'blackghoul'
    'LS_COLORS' => 'rs=0:di=01;34:ln=01;36:mh=00:pi=40;33:so=01;35:do=01;35:bd=40;33;01:cd=40;33;01:or=40;31;01:su=37;41:sg=30;43:ca=30;41:tw=30;42:ow=34;42:st=37;44:ex=01;32:*.tar=01;31:*.tgz=01;31:*.arj=01;31:*.taz=01;31:*.lzh=01;31:*.lzma=01;31:*.tlz=01;31:*.txz=01;31:*.zip=01;31:*.z=01;31:*.Z=01;31:*.dz=01;31:*.gz=01;31:*.lz=01;31:*.xz=01;31:*.bz2=01;31:*.bz=01;31:*.tbz=01;31:*.tbz2=01;31:*.tz=01;31:*.deb=01;31:*.rpm=01;31:*.jar=01;31:*.war=01;31:*.ear=01;31:*.sar=01;31:*.rar=01;31:*.ace=01;31:*.zoo=01;31:*.cpio=01;31:*.7z=01;31:*.rz=01;31:*.jpg=01;35:*.jpeg=01;35:*.gif=01;35:*.bmp=01;35:*.pbm=01;35:*.pgm=01;35:*.ppm=01;35:*.tga=01;35:*.xbm=01;35:*.xpm=01;35:*.tif=01;35:*.tiff=01;35:*.png=01;35:*.svg=01;35:*.svgz=01;35:*.mng=01;35:*.pcx=01;35:*.mov=01;35:*.mpg=01;35:*.mpeg=01;35:*.m2v=01;35:*.mkv=01;35:*.webm=01;35:*.ogm=01;35:*.mp4=01;35:*.m4v=01;35:*.mp4v=01;35:*.vob=01;35:*.qt=01;35:*.nuv=01;35:*.wmv=01;35:*.asf=01;35:*.rm=01;35:*.rmvb=01;35:*.flc=01;35:*.avi=01;35:*.fli=01;35:*.flv=01;35:*.gl=01;35:*.dl=01;35:*.xcf=01;35:*.xwd=01;35:*.yuv=01;35:*.cgm=01;35:*.emf=01;35:*.axv=01;35:*.anx=01;35:*.ogv=01;35:*.ogx=01;35:*.aac=00;36:*.au=00;36:*.flac=00;36:*.mid=00;36:*.midi=00;36:*.mka=00;36:*.mp3=00;36:*.mpc=00;36:*.ogg=00;36:*.ra=00;36:*.wav=00;36:*.axa=00;36:*.oga=00;36:*.spx=00;36:*.xspf=00;36:'
    'LC_TELEPHONE' => 'uk_UA.UTF-8'
    'DESKTOP_AUTOSTART_ID' => '10b367d594d1cf5650146763781945309700000022030001'
    'XDG_SESSION_PATH' => '/org/freedesktop/DisplayManager/Session0'
    'XDG_SEAT_PATH' => '/org/freedesktop/DisplayManager/Seat0'
    'SSH_AUTH_SOCK' => '/run/user/1000/keyring-GfeXoF/ssh'
    'DEFAULTS_PATH' => '/usr/share/gconf/ubuntu.default.path'
    'SESSION_MANAGER' => 'local/woodenpc:@/tmp/.ICE-unix/2203,unix/woodenpc:/tmp/.ICE-unix/2203'
    'GIO_LAUNCHED_DESKTOP_FILE' => '/home/blackghoul/.config/autostart/guake.desktop'
    'XDG_CONFIG_DIRS' => '/etc/xdg/xdg-ubuntu:/usr/share/upstart/xdg:/etc/xdg'
    'DESKTOP_SESSION' => 'ubuntu'
    'PATH' => '/usr/local/sbin:/usr/local/bin:/usr/sbin:/usr/bin:/sbin:/bin:/usr/games:/usr/local/games'
    'QT_IM_MODULE' => 'ibus'
    'QT_QPA_PLATFORMTHEME' => 'appmenu-qt5'
    'LC_IDENTIFICATION' => 'uk_UA.UTF-8'
    'PWD' => '/var/www/html/gurps'
    'JOB' => 'dbus'
    'XMODIFIERS' => '@im=ibus'
    'GNOME_KEYRING_PID' => '2025'
    'LANG' => 'en_US.UTF-8'
    'GDM_LANG' => 'en_US'
    'MANDATORY_PATH' => '/usr/share/gconf/ubuntu.mandatory.path'
    'LC_MEASUREMENT' => 'uk_UA.UTF-8'
    'COMPIZ_CONFIG_PROFILE' => 'ubuntu'
    'IM_CONFIG_PHASE' => '1'
    'GDMSESSION' => 'ubuntu'
    'SESSIONTYPE' => 'gnome-session'
    'SHLVL' => '1'
    'HOME' => '/home/blackghoul'
    'XDG_SEAT' => 'seat0'
    'LANGUAGE' => 'en_US'
    'GNOME_DESKTOP_SESSION_ID' => 'this-is-deprecated'
    'LOGNAME' => 'blackghoul'
    'DBUS_SESSION_BUS_ADDRESS' => 'unix:abstract=/tmp/dbus-AdSSSDT7VJ'
    'XDG_DATA_DIRS' => '/usr/share/ubuntu:/usr/share/gnome:/usr/local/share/:/usr/share/'
    'QT4_IM_MODULE' => 'xim'
    'LESSOPEN' => '| /usr/bin/lesspipe %s'
    'INSTANCE' => ''
    'TEXTDOMAIN' => 'im-config'
    'XDG_RUNTIME_DIR' => '/run/user/1000'
    'DISPLAY' => ':0'
    'XDG_CURRENT_DESKTOP' => 'Unity'
    'GTK_IM_MODULE' => 'ibus'
    'LESSCLOSE' => '/usr/bin/lesspipe %s %s'
    'LC_TIME' => 'uk_UA.UTF-8'
    'TEXTDOMAINDIR' => '/usr/share/locale/'
    'LC_NAME' => 'uk_UA.UTF-8'
    'XAUTHORITY' => '/home/blackghoul/.Xauthority'
    '_' => '/usr/bin/php'
    'PHP_SELF' => 'yii'
    'SCRIPT_NAME' => 'yii'
    'SCRIPT_FILENAME' => 'yii'
    'PATH_TRANSLATED' => 'yii'
    'DOCUMENT_ROOT' => ''
    'REQUEST_TIME_FLOAT' => 1467665393.7519
    'REQUEST_TIME' => 1467665393
    'argv' => [
        0 => 'yii'
        1 => 'migrate/create'
    ]
    'argc' => 2
]
